4.9182	83.3	-143.6
4.98973	83.3	-143.6
5.06231	83.3	-143.6
5.13594	83.3	-143.6
5.21065	83.3	-143.6
5.28644	83.3	-143.6
5.36333	83.3	-143.6
5.44134	83.29	-143.6
5.52049	83.29	-143.6
5.60078	83.29	-143.6
5.68225	83.28	-143.6
5.7649	83.28	-143.6
5.84875	83.27	-143.6
5.93382	83.25	-143.6
6.02013	83.23	-143.6
6.1077	83.2	-143.6
6.19654	83.16	-143.6
6.28667	83.11	-143.6
6.37811	83.02	-143.6
6.47088	82.92	-143.6
6.565	82.83	-143.6
6.66049	82.77	-143.6
6.75737	82.72	-143.6
6.85566	82.68	-143.6
6.95538	82.65	-143.6
7.05655	82.62	-143.6
7.15919	82.6	-143.5
7.26332	82.56	-143.5
7.36897	82.52	-143.5
7.47615	82.47	-143.4
7.58489	82.39	-143.3
7.69522	82.28	-143.2
7.80715	82.13	-143
7.92071	81.89	-142.7
8.03592	81.58	-142.3
8.1528	81.24	-141.8
8.27139	80.94	-141.1
8.3917	80.71	-140
8.51376	80.51	-138.5
8.63759	80.34	-136.3
8.76323	80.17	-133.3
8.89069	79.98	-129
9.02001	79.74	-122.8
9.15121	79.42	-114.1
9.28432	78.94	-101.8
9.41936	78.29	-86.4
9.55637	77.5	-69.8
9.69537	76.67	-54.1
9.83639	76.04	-41.2
9.97946	75.79	-31.6
10.12462	75.97	-24.2
10.27188	76.54	-17.8
10.42129	77.44	-11.9
10.57287	78.56	-5.7
10.72666	79.67	0.9
10.88268	80.59	6.7
11.04098	81.34	11.7
11.20157	82.06	16.6
11.3645	82.74	21
11.5298	83.3	23.8
11.69751	83.79	24.5
11.86765	84.26	23.1
12.04027	84.71	20.2
12.2154	85.05	16.9
12.39308	85.31	13.5
12.57334	85.51	9.5
12.75622	85.7	4.5
12.94176	85.83	-1.5
13.13001	85.85	-7.8
13.32099	85.74	-13.8
13.51474	85.62	-19
13.71132	85.53	-23.6
13.91076	85.45	-28
14.11309	85.38	-32.9
14.31837	85.32	-38.8
14.52664	85.24	-46.4
14.73793	85.16	-55
14.9523	85.09	-62.3
15.16979	85.02	-67.4
15.39044	84.95	-71
15.6143	84.87	-73.4
15.84141	84.76	-75.1
16.07183	84.65	-76.5
16.3056	84.54	-77.9
16.54277	84.42	-79
16.78339	84.23	-79.4
17.02751	83.96	-79.2
17.27518	83.55	-78.3
17.52646	82.96	-77
17.78138	82.24	-76.2
18.04002	81.54	-77.2
18.30242	80.93	-80.8
18.56863	80.36	-87.3
18.83872	79.81	-96
19.11274	79.24	-104.7
19.39074	78.64	-112
19.67278	78.06	-116.9
19.95893	77.54	-119.4
20.24924	77.13	-120.1
20.54377	76.84	-119.1
20.84259	76.67	-116.4
21.14575	76.6	-110.4
21.45332	76.6	-100.4
21.76537	76.59	-88.8
22.08195	76.54	-76.3
22.40314	76.44	-61.3
22.729	76.3	-45
23.0596	76.16	-31.1
23.39501	76.02	-20.7
23.7353	75.88	-12.5
24.08054	75.74	-5.6
24.4308	75.62	-0.2
24.78615	75.47	1.7
25.14667	75.25	-0.7
25.51244	74.92	-7
25.88353	74.51	-16.1
26.26001	74.08	-27.4
26.64197	73.67	-40.5
27.02949	73.31	-54.4
27.42264	73.01	-69.4
27.82151	72.79	-86.2
28.22619	72.74	-103.6
28.63675	72.96	-120.2
29.05328	73.43	-137.1
29.47587	74.08	-154.5
29.9046	74.78	-171
30.33958	75.53	173.2
30.78088	76.28	157.9
31.22859	76.95	144.4
31.68282	77.56	132.6
32.14366	78.15	121.6
32.6112	78.68	111.2
33.08554	79.14	101.3
33.56678	79.55	91.9
34.05502	79.9	83
34.55036	80.18	74.8
35.05291	80.4	67
35.56277	80.57	59.5
36.08004	80.69	52.6
36.60484	80.76	46.4
37.13727	80.82	40.5
37.67744	80.86	35
38.22547	80.88	29.8
38.78147	80.88	24.8
39.34556	80.87	20.2
39.91786	80.85	16
40.49848	80.82	12.1
41.08754	80.78	8.4
41.68517	80.72	4.6
42.2915	80.64	0.6
42.90664	80.52	-3.2
43.53073	80.38	-7
44.1639	80.2	-10.6
44.80628	79.97	-14.1
45.458	79.7	-17
46.1192	79.4	-19.4
46.79002	79.07	-21
47.4706	78.71	-22
48.16108	78.34	-22.1
48.86159	77.97	-21.6
49.5723	77.64	-20.6
50.29335	77.37	-19.2
51.02488	77.19	-17.7
51.76706	77.14	-16.1
52.52003	77.22	-14.7
53.28395	77.39	-13.5
54.05898	77.6	-12.7
54.84529	77.83	-12.3
55.64303	78.07	-12.2
56.45238	78.33	-12.6
57.27349	78.6	-13.6
58.10656	78.85	-15.1
58.95174	79.1	-17.4
59.80921	79.31	-20.1
60.67915	79.48	-23.3
61.56175	79.6	-26.7
62.45719	79.69	-30.3
63.36565	79.74	-34.1
64.28732	79.74	-38
65.2224	79.71	-41.9
66.17109	79.66	-45.7
67.13357	79.58	-49.5
68.11005	79.48	-53.5
69.10073	79.36	-57.4
70.10582	79.19	-61.6
71.12554	78.99	-65.8
72.16008	78.75	-70.1
73.20967	78.47	-74.2
74.27453	78.15	-78.3
75.35488	77.79	-82.2
76.45094	77.36	-85.8
77.56295	76.89	-89
78.69113	76.39	-91.5
79.83571	75.87	-93.2
80.99695	75.34	-94
82.17508	74.79	-94.3
83.37034	74.2	-94.1
84.58299	73.59	-94
85.81328	72.98	-93.9
87.06146	72.38	-94
88.3278	71.77	-94.5
89.61256	71.15	-95.4
90.916	70.56	-96.6
92.23841	70.03	-98.2
93.58005	69.55	-100.7
94.9412	69.14	-104.1
96.32215	68.77	-108.9
97.72319	68.41	-115.8
99.14461	68.03	-125
100.5867	67.61	-136.6
102.04976	67.15	-150.5
103.53411	66.67	-166.7
105.04005	66.22	175.6
106.56789	65.81	157.4
108.11796	65.45	139.2
109.69057	65.12	121
111.28606	64.85	103
112.90475	64.64	85.3
114.54699	64.53	68.3
116.21311	64.54	52.1
117.90347	64.65	36.9
119.61842	64.85	23.5
121.35831	65.11	12.3
123.1235	65.36	3.1
124.91438	65.57	-4.3
126.7313	65.73	-10.1
128.57465	65.82	-14.6
130.44481	65.87	-17.9
132.34217	65.91	-20.3
134.26713	65.96	-22.3
136.22009	66.02	-24.2
138.20146	66.06	-26.3
140.21165	66.09	-28.8
142.25107	66.08	-31.4
144.32016	66.02	-34.1
146.41935	65.9	-36.7
148.54906	65.71	-39
150.70976	65.47	-41
152.90188	65.19	-42.5
155.12589	64.91	-43.5
157.38225	64.63	-44.1
159.67143	64.38	-44.6
161.9939	64.15	-45.1
164.35016	63.91	-45.7
166.74069	63.64	-46.4
169.16599	63.34	-47.1
171.62656	62.98	-47.6
174.12293	62.59	-47.9
176.6556	62.18	-47.8
179.22512	61.76	-47.5
181.83201	61.36	-46.9
184.47682	60.99	-46.1
187.16009	60.61	-45.3
189.8824	60.23	-44.5
192.6443	59.81	-43.5
195.44638	59.35	-42
198.28921	58.86	-39.9
201.1734	58.37	-36.9
204.09953	57.91	-32.7
207.06823	57.55	-27.7
210.0801	57.34	-22.2
213.13579	57.29	-16.8
216.23592	57.39	-11.9
219.38114	57.58	-7.4
222.57212	57.81	-3.3
225.8095	58.06	0.3
229.09398	58.29	3.5
232.42622	58.51	6.5
235.80694	58.72	9
239.23683	58.91	11.1
242.71661	59.1	12.4
246.24701	59.26	12.7
249.82875	59.39	12
253.4626	59.48	10.6
257.14929	59.5	8.9
260.88962	59.46	7.1
264.68434	59.35	5.3
268.53427	59.18	3.8
272.44019	58.97	2.7
276.40292	58.72	2.1
280.42329	58.45	1.8
284.50214	58.17	2
288.64032	57.86	2.5
292.83869	57.55	3.4
297.09813	57.21	4.6
301.41952	56.85	6.2
305.80377	56.49	8.2
310.25179	56.13	10.4
314.7645	55.8	12.8
319.34286	55.51	15.2
323.98781	55.25	17.6
328.70032	55.03	20
333.48138	54.84	22.4
338.33197	54.69	24.8
343.25313	54.55	27.1
348.24586	54.44	29.5
353.31121	54.34	31.8
358.45024	54.26	34.1
363.66402	54.19	36.4
368.95363	54.12	38.5
374.32019	54.04	40.6
379.7648	53.95	42.7
385.28861	53.84	44.8
390.89276	53.74	47.1
396.57842	53.66	49.5
402.34679	53.62	52
408.19906	53.63	54.4
414.13645	53.66	56.6
420.1602	53.72	58.6
426.27158	53.78	60.3
432.47184	53.83	61.7
438.76229	53.84	63
445.14423	53.83	64.3
451.619	53.79	65.6
458.18795	53.72	67.1
464.85245	53.65	68.7
471.61388	53.58	70.4
478.47367	53.52	72.3
485.43323	53.46	74.1
492.49401	53.41	76
499.6575	53.35	77.9
506.92519	53.3	79.7
514.29859	53.25	81.5
521.77923	53.2	83.4
529.36869	53.17	85.3
537.06853	53.16	87.2
544.88037	53.18	89
552.80584	53.22	90.6
560.84659	53.28	92
569.00429	53.34	93.2
577.28065	53.42	94.2
585.67739	53.51	95
594.19626	53.63	95.4
602.83904	53.76	95.5
611.60754	53.9	95.1
620.50358	54.05	94.1
629.52901	54.21	92.4
638.68572	54.34	89.9
647.97562	54.42	86.4
657.40064	54.45	82
666.96275	54.41	76.5
676.66395	54.32	70
686.50625	54.17	62.4
696.49171	53.97	53.5
706.62242	53.71	43.4
716.90048	53.38	31.9
727.32804	52.98	19.1
737.90727	52.49	5.1
748.64037	51.9	-10.2
759.5296	51.19	-26.7
770.57721	50.36	-44.5
781.78552	49.4	-63.6
793.15685	48.35	-84.4
804.69358	47.27	-107.4
816.39812	46.16	-132.5
828.2729	45.05	-158.9
840.32041	44.01	174.4
852.54315	43.09	148.1
864.94368	42.38	122.8
877.52457	41.95	98.7
890.28846	41.82	75.9
903.238	41.98	54.7
916.3759	42.36	35
929.7049	42.88	16.8
943.22777	43.46	0.4
956.94733	44.01	-14.1
970.86645	44.47	-25.9
984.98803	44.82	-34.5
999.31501	45.09	-39.8
1013.8504	45.33	-42.3
1028.5972	45.57	-43
1043.5585	45.81	-42.8
1058.7374	46.04	-42.1
1074.1371	46.24	-41.1
1089.7607	46.38	-39.9
1105.6117	46.45	-38.4
1121.6932	46.46	-36.6
1138.0086	46.42	-34.3
1154.5613	46.36	-31.6
1171.3548	46.32	-28.6
1188.3925	46.32	-25.6
1205.6781	46.39	-23.3
1223.2151	46.49	-22
1241.0072	46.59	-21.8
1259.058	46.67	-22.6
1277.3714	46.7	-24.3
1295.9512	46.66	-27.1
1314.8013	46.54	-30.8
1333.9255	46.37	-35.7
1353.3279	46.16	-41.9
1373.0125	45.91	-50
1392.9834	45.62	-60.5
1413.2448	45.28	-73.5
1433.801	44.88	-88.6
1454.6561	44.41	-105.2
1475.8145	43.84	-122.6
1497.2807	43.16	-140.2
1519.0592	42.32	-158.1
1541.1544	41.32	-176.2
1563.571	40.19	165.4
1586.3137	39.04	146.8
1609.3872	37.98	128
1632.7962	37.07	109.3
1656.5458	36.37	91.2
1680.6408	35.92	74.4
1705.0863	35.7	59.4
1729.8874	35.7	46.5
1755.0491	35.86	35.4
1780.5769	36.12	25.6
1806.476	36.44	16.9
1832.7518	36.8	9.3
1859.4098	37.17	3
1886.4555	37.53	-1.9
1913.8947	37.86	-5.2
1941.7329	38.17	-6.9
1969.9761	38.44	-7
1998.63	38.68	-5.8
2027.7008	38.88	-3.4
2057.1943	39.04	0
2087.1169	39.15	4.2
2117.4747	39.21	9.2
2148.2741	39.22	14.9
2179.5215	39.18	21.4
2211.2234	39.1	28.6
2243.3863	38.98	36.5
2276.0171	38.83	45.2
2309.1226	38.65	54.6
2342.7095	38.47	64.7
2376.785	38.28	75.5
2411.3562	38.11	86.9
2446.4302	37.97	99
2482.0143	37.91	111.7
2518.116	37.96	125.1
2554.7429	38.14	139
2591.9025	38.49	153.5
2629.6026	39.03	168.5
2667.851	39.75	-176.6
2706.6558	40.58	-162
2746.025	41.44	-148
2785.9669	42.26	-134.9
2826.4897	42.98	-122.7
2867.6019	43.56	-111.4
2909.3121	44	-101
2951.6291	44.32	-91.3
2994.5615	44.51	-82.1
3038.1184	44.61	-73
3082.3088	44.63	-63.6
3127.1421	44.6	-53.7
3172.6274	44.5	-43.8
3218.7743	44.33	-33.8
3265.5925	44.07	-23.8
3313.0916	43.7	-13.5
3361.2816	43.2	-2.8
3410.1726	42.56	8.7
3459.7747	41.8	21.1
3510.0983	40.94	34.7
3561.1538	40.04	49.3
3612.952	39.16	64.2
3665.5036	38.36	78.7
3718.8196	37.68	91.8
3772.9111	37.13	102.8
3827.7893	36.71	111.4
3883.4658	36.42	117.5
3939.9521	36.33	121.2
3997.26	36.48	122.7
4055.4015	36.86	122.4
4114.3887	37.42	120.3
4174.2339	38.06	116.4
4234.9495	38.7	111
4296.5482	39.32	104
4359.043	39.89	95.9
4422.4467	40.44	87.2
4486.7727	40.96	78.4
4552.0343	41.44	69.7
4618.2452	41.87	61.2
4685.4191	42.21	53.3
4753.5701	42.45	45.8
4822.7123	42.58	38.4
4892.8603	42.61	30.8
4964.0286	42.54	22.5
5036.2321	42.41	12.8
5109.4857	42.22	1.8
5183.8049	42.01	-11
5259.2051	41.78	-25.6
5335.702	41.53	-42.4
5413.3116	41.29	-61.4
5492.05	41.06	-82.3
5571.9337	40.86	-104.7
5652.9794	40.71	-128
5735.2038	40.61	-151.8
5818.6243	40.58	-175.9
5903.2581	40.63	160.1
5989.123	40.76	136.2
6076.2368	40.98	112.9
6164.6177	41.29	90.6
6254.2841	41.7	69.5
6345.2548	42.19	50
6437.5486	42.77	31.8
6531.1849	43.33	14.6
6626.1832	43.79	-2.3
6722.5633	44.11	-19.6
6820.3452	44.3	-38.1
6919.5494	44.41	-58.4
7020.1966	44.49	-80
7122.3077	44.52	-102.6
7225.904	44.51	-125.8
7331.0072	44.45	-149.4
7437.6392	44.33	-173.6
7545.8221	44.15	161.4
7655.5786	43.9	135.3
7766.9316	43.54	108.6
7879.9042	43.08	81.8
7994.5201	42.56	55.5
8110.803	42.06	30.2
8228.7774	41.67	6.6
8348.4677	41.42	-14.6
8469.899	41.31	-33.1
8593.0965	41.37	-49
8718.086	41.59	-62.4
8844.8934	41.86	-73.5
8973.5454	42.11	-82
9104.0686	42.29	-87.8
9236.4903	42.39	-90.7
9370.8382	42.44	-91.3
9507.1402	42.42	-90.4
9645.4247	42.35	-88.9
9785.7206	42.23	-87.6
9928.0572	42.07	-87.2
10072.464	41.88	-88.3
10218.971	41.63	-91.2
10367.61	41.33	-96.5
10518.41	40.95	-104.1
10671.404	40.52	-114.1
10826.623	40.08	-126.4
10984.1	39.69	-140
11143.867	39.34	-153.7
11305.959	39.02	-166.1
11470.408	38.72	-175.8
11637.249	38.45	178.4
11806.516	38.2	177.6
11978.246	37.97	-177.8
12152.474	37.71	-167.6
12329.235	37.4	-151.5
12508.568	37.01	-129.6
12690.51	36.5	-102.3
12875.097	35.85	-70.6
13062.37	35.08	-35.5
13252.366	34.21	2.1
13445.127	33.26	42.2
13640.69	32.35	84.4
13839.099	31.51	128.6
14040.393	30.77	174.7
14244.615	30.1	-137.7
14451.808	29.49	-88.5
14662.014	28.94	-37.7
14875.278	28.46	14.8
15091.644	28.07	68.9
15311.157	27.75	124.6
15533.863	27.47	-177.9
15759.808	27.23	-118.4
15989.04	27.04	-57.4
16221.606	26.86	3.9
16457.555	26.71	64
16696.935	26.59	122.1
16939.798	26.48	178
17186.193	26.36	-128.8
17436.172	26.24	-78.8
17689.787	26.14	-32.2
17947.091	26.03	11.6
18208.137	25.92	53.1
18472.981	25.81	92.7
18741.676	25.71	129.7
19014.28	25.64	163.3
19290.849	25.59	-168.5
19571.441	25.55	-148.3
19856.114	25.54	-140.7
